Base path: C:/Program Files/Unity/Editor/Data
Pipe name: \\.\pipe\UnityShaderCompiler-64bit-1-16916
Cmd: getPlatforms
Cmd: preprocess
  insize=818 outsize=818 ok=1
Cmd: preprocess
  insize=2400 outsize=933 ok=1
Cmd: compileSnippet
  error: 2 plat 4 at (70): undeclared identifier 'UnityObjectToClipPos'\nCompiling Vertex program
  api=4 type=0 insize=1769 outsize=0 kw= pd= ok=0
Cmd: preprocess
  insize=1654 outsize=575 ok=1
Cmd: compileSnippet
  error: 2 plat 4 at (60): undeclared identifier 'UnityObjectToClipPos'\nCompiling Vertex program
  api=4 type=0 insize=1380 outsize=0 kw= pd= ok=0
Cmd: preprocess
  insize=2969 outsize=973 ok=1
Cmd: compileSnippet
  error: 2 plat 4 at (77): undeclared identifier 'UnityObjectToClipPos'\nCompiling Vertex program
  api=4 type=0 insize=2300 outsize=0 kw= pd= ok=0
Cmd: preprocess
  insize=2413 outsize=564 ok=1
Cmd: compileSnippet
  error: 2 plat 4 at (72): undeclared identifier 'UnityObjectToClipPos'\nCompiling Vertex program
  api=4 type=0 insize=2153 outsize=0 kw= pd= ok=0
Cmd: preprocess
  insize=2069 outsize=971 ok=1
Cmd: compileSnippet
  error: 2 plat 4 at (64): undeclared identifier 'UnityObjectToClipPos'\nCompiling Vertex program
  api=4 type=0 insize=1400 outsize=0 kw= pd= ok=0
Cmd: preprocess
  insize=2047 outsize=562 ok=1
Cmd: compileSnippet
  error: 2 plat 4 at (69): undeclared identifier 'UnityObjectToClipPos'\nCompiling Vertex program
  api=4 type=0 insize=1787 outsize=0 kw= pd= ok=0
Cmd: preprocess
  insize=472 outsize=472 ok=1
Cmd: preprocess
  insize=2533 outsize=619 ok=1
Cmd: compileSnippet
  error: 2 plat 4 at (72): undeclared identifier 'UnityObjectToClipPos'\nCompiling Vertex program
  api=4 type=0 insize=2218 outsize=0 kw= pd= ok=0
Cmd: preprocess
  insize=2166 outsize=617 ok=1
Cmd: compileSnippet
  error: 2 plat 4 at (69): undeclared identifier 'UnityObjectToClipPos'\nCompiling Vertex program
  api=4 type=0 insize=1851 outsize=0 kw= pd= ok=0
Cmd: preprocess
  insize=1487 outsize=692 ok=1
Cmd: compileSnippet
  error: 2 plat 4 at (59): undeclared identifier 'UnityObjectToClipPos'\nCompiling Vertex program
  api=4 type=0 insize=1096 outsize=0 kw= pd= ok=0
Cmd: preprocess
  insize=835 outsize=835 ok=1
Cmd: preprocess
  insize=1535 outsize=914 ok=1
Cmd: compileSnippet
  error: 2 plat 4 at (55): undeclared identifier 'UnityObjectToClipPos'\nCompiling Vertex program
  api=4 type=0 insize=923 outsize=0 kw= pd= ok=0
Cmd: preprocess
  insize=1586 outsize=710 ok=1
Cmd: compileSnippet
  error: 2 plat 4 at (60): undeclared identifier 'UnityObjectToClipPos'\nCompiling Vertex program
  api=4 type=0 insize=1178 outsize=0 kw= pd= ok=0
Cmd: preprocess
  insize=2767 outsize=935 ok=1
Cmd: compileSnippet
  error: 2 plat 4 at (73): undeclared identifier 'UnityObjectToClipPos'\nCompiling Vertex program
  api=4 type=0 insize=2136 outsize=0 kw= pd= ok=0
Cmd: preprocess
  insize=730 outsize=730 ok=1
Cmd: preprocess
  insize=1719 outsize=961 ok=1
Cmd: compileSnippet
  error: 2 plat 4 at (60): undeclared identifier 'UnityObjectToClipPos'\nCompiling Vertex program
  api=4 type=0 insize=1059 outsize=0 kw= pd= ok=0
Cmd: preprocess
  insize=1643 outsize=617 ok=1
Cmd: compileSnippet
  error: 2 plat 4 at (59): undeclared identifier 'UnityObjectToClipPos'\nCompiling Vertex program
  api=4 type=0 insize=1328 outsize=0 kw= pd= ok=0
Cmd: preprocess
  insize=608 outsize=608 ok=1
Cmd: preprocess
  insize=1511 outsize=562 ok=1
Cmd: compileSnippet
  error: 2 plat 4 at (59): undeclared identifier 'UnityObjectToClipPos'\nCompiling Vertex program
  api=4 type=0 insize=1251 outsize=0 kw= pd= ok=0
Cmd: preprocess
  insize=1424 outsize=619 ok=1
Cmd: compileSnippet
  error: 2 plat 4 at (38): undeclared identifier 'UnityObjectToClipPos'\nCompiling Vertex program
  api=4 type=0 insize=1107 outsize=0 kw= pd= ok=0
Cmd: preprocess
  insize=1388 outsize=608 ok=1
Cmd: compileSnippet
  error: 2 plat 4 at (37): undeclared identifier 'UnityObjectToClipPos'\nCompiling Vertex program
  api=4 type=0 insize=1082 outsize=0 kw= pd= ok=0
Cmd: preprocess
  insize=1355 outsize=1355 ok=1
Cmd: preprocess
  insize=316 outsize=316 ok=1
Cmd: preprocess
  insize=2602 outsize=970 ok=1
Cmd: compileSnippet
  error: 2 plat 4 at (74): undeclared identifier 'UnityObjectToClipPos'\nCompiling Vertex program
  api=4 type=0 insize=1933 outsize=0 kw= pd= ok=0
Cmd: preprocess
  insize=1867 outsize=932 ok=1
Cmd: compileSnippet
  error: 2 plat 4 at (60): undeclared identifier 'UnityObjectToClipPos'\nCompiling Vertex program
  api=4 type=0 insize=1236 outsize=0 kw= pd= ok=0
Cmd: preprocess
  insize=2557 outsize=578 ok=1
Cmd: compileSnippet
  error: 2 plat 4 at (73): undeclared identifier 'UnityObjectToClipPos'\nCompiling Vertex program
  api=4 type=0 insize=2283 outsize=0 kw= pd= ok=0
Cmd: preprocess
  insize=634 outsize=634 ok=1
Cmd: preprocess
  insize=963 outsize=963 ok=1
Cmd: preprocess
  insize=1548 outsize=591 ok=1
Cmd: compileSnippet
  error: 2 plat 4 at (59): undeclared identifier 'UnityObjectToClipPos'\nCompiling Vertex program
  api=4 type=0 insize=1259 outsize=0 kw= pd= ok=0
Cmd: preprocess
  insize=1497 outsize=924 ok=1
Cmd: compileSnippet
  error: 2 plat 4 at (56): undeclared identifier 'UnityObjectToClipPos'\nCompiling Vertex program
  api=4 type=0 insize=875 outsize=0 kw= pd= ok=0
Cmd: preprocess
  insize=1547 outsize=967 ok=1
Cmd: compileSnippet
  error: 2 plat 4 at (57): undeclared identifier 'UnityObjectToClipPos'\nCompiling Vertex program
  api=4 type=0 insize=881 outsize=0 kw= pd= ok=0
Cmd: preprocess
  insize=1370 outsize=574 ok=1
Cmd: compileSnippet
  error: 2 plat 4 at (58): undeclared identifier 'UnityObjectToClipPos'\nCompiling Vertex program
  api=4 type=0 insize=1098 outsize=0 kw= pd= ok=0
Cmd: preprocess
  insize=1315 outsize=567 ok=1
Cmd: compileSnippet
  error: 2 plat 4 at (58): undeclared identifier 'UnityObjectToClipPos'\nCompiling Vertex program
  api=4 type=0 insize=1050 outsize=0 kw= pd= ok=0
Cmd: preprocess
  insize=2190 outsize=576 ok=1
Cmd: compileSnippet
  error: 2 plat 4 at (70): undeclared identifier 'UnityObjectToClipPos'\nCompiling Vertex program
  api=4 type=0 insize=1916 outsize=0 kw= pd= ok=0
Cmd: compileSnippet
  api=4 type=0 insize=541 outsize=3533 kw=SHADOWS_DEPTH pd= ok=1
Cmd: compileSnippet
  api=4 type=1 insize=541 outsize=453 kw=SHADOWS_DEPTH pd= ok=1
Cmd: compileSnippet
  api=4 type=0 insize=6924 outsize=3663 kw=DIRECTIONAL SHADOWS_OFF LIGHTMAP_OFF DIRLIGHTMAP_OFF DYNAMICLIGHTMAP_OFF pd= ok=1
Cmd: compileSnippet
  api=4 type=1 insize=6924 outsize=1314 kw=DIRECTIONAL SHADOWS_OFF LIGHTMAP_OFF DIRLIGHTMAP_OFF DYNAMICLIGHTMAP_OFF pd= ok=1
Cmd: compileSnippet
  api=4 type=0 insize=3695 outsize=2753 kw=DIRECTIONAL pd= ok=1
Cmd: compileSnippet
  api=4 type=1 insize=3695 outsize=1168 kw=DIRECTIONAL pd= ok=1
Cmd: compileSnippet
  api=4 type=0 insize=1261 outsize=1347 kw= pd= ok=1
Cmd: compileSnippet
  api=4 type=1 insize=1261 outsize=1144 kw= pd= ok=1
Cmd: compileSnippet
  api=4 type=0 insize=13030 outsize=11024 kw=UNITY_COLORSPACE_GAMMA _SUNDISK_SIMPLE pd= ok=1
Cmd: compileSnippet
  api=4 type=1 insize=13030 outsize=1899 kw=UNITY_COLORSPACE_GAMMA _SUNDISK_SIMPLE pd= ok=1
